[00:00:40] [Server thread/INFO]: TeylorVasquez lost connection: Disconnected
[00:00:40] [Server thread/INFO]: TeylorVasquez left the game
[00:01:54] [Server thread/INFO]: TeylorVasquez[/127.137.11.122:58343] logged in with entity id 30960 at (549.7955114305438, 64.0, 451.19301700933755)
[00:01:54] [Server thread/INFO]: TeylorVasquez joined the game
[00:02:47] [Server thread/INFO]: i_am_shua7 was blown up by Creeper
[00:03:50] [Server thread/INFO]: TeylorVasquez lost connection: Disconnected
[00:03:50] [Server thread/INFO]: TeylorVasquez left the game
[00:04:28] [Server thread/INFO]: TeylorVasquez[/127.137.11.122:52321] logged in with entity id 32307 at (594.6994621831308, 63.0, 558.8022598419653)
[00:04:28] [Server thread/INFO]: TeylorVasquez joined the game
[00:04:41] [Server thread/INFO]: B4ckslide has made the advancement [Sweet Dreams]
[00:05:02] [Server thread/INFO]: TeylorVasquez has made the advancement [Sweet Dreams]
[00:05:33] [Server thread/INFO]: i_am_shua7 was doomed to fall
[00:06:28] [Server thread/INFO]: TeylorVasquez lost connection: Disconnected
[00:06:28] [Server thread/INFO]: TeylorVasquez left the game
[00:07:14] [Server thread/INFO]: TeylorVasquez[/127.137.11.122:34357] logged in with entity id 33348 at (602.9639446582875, 64.0, 568.5494321039788)
[00:07:14] [Server thread/INFO]: TeylorVasquez joined the game
[00:09:00] [Server thread/INFO]: TeylorVasquez lost connection: Disconnected
[00:09:00] [Server thread/INFO]: TeylorVasquez left the game
[00:09:45] [Server thread/INFO]: TeylorVasquez[/127.137.11.122:49467] logged in with entity id 34157 at (601.0930443216403, 64.0, 565.3000000119209)
[00:09:45] [Server thread/INFO]: TeylorVasquez joined the game
[00:09:51] [Server thread/INFO]: [skull: Teleported i_am_shua7 to skull]
[00:11:02] [Server thread/INFO]: TeylorVasquez lost connection: Disconnected
[00:11:02] [Server thread/INFO]: TeylorVasquez left the game
[00:12:30] [Server thread/INFO]: i_am_shua7 was slain by Zombie
[00:14:02] [Server thread/INFO]: TeylorVasquez[/127.137.11.122:35081] logged in with entity id 35819 at (619.37490767662, 62.0, 537.9107877545289)
[00:14:02] [Server thread/INFO]: TeylorVasquez joined the game
[00:15:49] [Server thread/INFO]: [Not Secure] <skull> -3291596129210522301
[00:17:10] [Server thread/INFO]: [Not Secure] <B4ckslide> 604.200 64
[00:17:17] [Server thread/INFO]: [Not Secure] <B4ckslide> 562
[00:20:22] [Server thread/WARN]: Mismatch in destroy block pos: iz{x=0, y=0, z=0} iz{x=313, y=76, z=159}
[00:20:22] [Server thread/WARN]: Mismatch in destroy block pos: iz{x=0, y=0, z=0} iz{x=312, y=76, z=159}
[00:20:22] [Server thread/WARN]: Mismatch in destroy block pos: iz{x=0, y=0, z=0} iz{x=313, y=76, z=159}
[00:20:24] [Server thread/INFO]: [skull: Teleported i_am_shua7 to skull]
[00:20:57] [Server thread/INFO]: skull has made the advancement [Ice Bucket Challenge]
[00:25:24] [Server thread/INFO]: B4ckslide has made the advancement [A Seedy Place]
[00:27:10] [Server thread/INFO]: i_am_shua7 was shot by Skeleton
[00:27:18] [Server thread/WARN]: Mismatch in destroy block pos: iz{x=0, y=0, z=0} iz{x=297, y=78, z=153}
[00:27:18] [Server thread/WARN]: Mismatch in destroy block pos: iz{x=0, y=0, z=0} iz{x=298, y=78, z=155}
[00:27:28] [Server thread/INFO]: [skull: Teleported i_am_shua7 to skull]
[00:28:03] [Server thread/INFO]: [Not Secure] <B4ckslide> 604.518 64.00 563
[00:28:22] [Server thread/INFO]: i_am_shua7 was slain by Zombie
[00:28:27] [Server thread/INFO]: [skull: Teleported i_am_shua7 to skull]
[00:28:52] [Server thread/INFO]: [skull: Teleported i_am_shua7 to skull]
[00:33:02] [Server thread/INFO]: skull has made the advancement [Cover Me with Diamonds]
[00:34:58] [Server thread/INFO]: B4ckslide has made the advancement [Cover Me with Diamonds]
[00:42:33] [Server thread/INFO]: B4ckslide has made the advancement [We Need to Go Deeper]
[00:42:35] [Server thread/WARN]: Can't keep up! Is the server overloaded? Running 2757ms or 55 ticks behind
[00:42:38] [Server thread/INFO]: skull has made the advancement [We Need to Go Deeper]
[00:42:38] [Server thread/INFO]: i_am_shua7 has made the advancement [We Need to Go Deeper]
[00:42:42] [Server thread/INFO]: TeylorVasquez has made the advancement [We Need to Go Deeper]
[00:45:38] [Server thread/INFO]: B4ckslide has completed the challenge [Return to Sender]
[00:46:07] [Server thread/INFO]: TeylorVasquez has made the advancement [Who is Cutting Onions?]
[00:46:12] [Server thread/INFO]: B4ckslide has made the advancement [Those Were the Days]
[00:46:20] [Server thread/INFO]: TeylorVasquez has made the advancement [Ice Bucket Challenge]
[00:47:33] [Server thread/INFO]: i_am_shua7 has made the advancement [Not Today, Thank You]
[00:48:10] [Server thread/INFO]: skull has made the advancement [Those Were the Days]
[00:48:10] [Server thread/INFO]: TeylorVasquez has made the advancement [Those Were the Days]
[00:48:12] [Server thread/INFO]: i_am_shua7 has made the advancement [Those Were the Days]
[00:48:52] [Server thread/INFO]: i_am_shua7 was slain by Piglin Brute
[00:49:02] [Server thread/INFO]: TeylorVasquez tried to swim in lava
[00:50:14] [Server thread/INFO]: skull was slain by Piglin Brute
[00:50:41] [Server thread/INFO]: i_am_shua7 has made the advancement [Sweet Dreams]
[00:50:44] [Server thread/INFO]: skull was slain by Zombie
[00:50:54] [Server thread/INFO]: [skull: Teleported skull to i_am_shua7]
[00:51:01] [Server thread/INFO]: skull has made the advancement [Sweet Dreams]
[00:51:25] [Server thread/INFO]: B4ckslide has made the advancement [War Pigs]
[00:52:38] [Server thread/INFO]: [skull: Teleported i_am_shua7 to skull]
[00:53:02] [Server thread/INFO]: B4ckslide was slain by Piglin Brute
[00:53:49] [Server thread/INFO]: skull burned to death
[00:54:00] [Server thread/INFO]: [skull: Teleported skull to TeylorVasquez]
[00:54:11] [Server thread/INFO]: B4ckslide was doomed to fall by skull
[00:54:20] [Server thread/INFO]: [skull: Teleported B4ckslide to skull]
[00:54:45] [Server thread/INFO]: skull was slain by Piglin Brute
[00:54:49] [Server thread/INFO]: [skull: Teleported skull to TeylorVasquez]
[00:55:34] [Server thread/INFO]: B4ckslide tried to swim in lava
[00:55:42] [Server thread/INFO]: [skull: Teleported B4ckslide to skull]
[00:56:05] [Server thread/INFO]: TeylorVasquez was slain by Magma Cube
[00:56:16] [Server thread/INFO]: B4ckslide was slain by Piglin Brute
[00:56:21] [Server thread/INFO]: skull was slain by Piglin Brute
[00:56:29] [Server thread/INFO]: [skull: Teleported skull to i_am_shua7]
[00:58:11] [Server thread/INFO]: i_am_shua7 was slain by Piglin Brute
[00:58:17] [Server thread/INFO]: [skull: Teleported i_am_shua7 to skull]
[00:58:24] [Server thread/INFO]: [skull: Teleported B4ckslide to skull]
[00:59:43] [Server thread/INFO]: B4ckslide tried to swim in lava to escape Piglin Brute
[01:00:08] [Server thread/INFO]: TeylorVasquez has made the advancement [War Pigs]
[01:00:15] [Server thread/INFO]: TeylorVasquez has made the advancement [Hidden in the Depths]
[01:00:18] [Server thread/INFO]: [skull: Teleported TeylorVasquez to skull]
[01:00:44] [Server thread/INFO]: [skull: Teleported skull to B4ckslide]
[01:00:55] [Server thread/INFO]: i_am_shua7 was slain by Magma Cube
[01:01:01] [Server thread/INFO]: [skull: Teleported skull to i_am_shua7]
[01:01:41] [Server thread/INFO]: B4ckslide was slain by Magma Cube
[01:02:22] [Server thread/INFO]: [skull: Teleported TeylorVasquez to skull]
[01:02:59] [Server thread/INFO]: skull lost connection: Disconnected
[01:02:59] [Server thread/INFO]: skull left the game
